This file contains any messages produced by compilers while
running configure, to aid debugging if configure makes a mistake.

It was created by multiStockassessment configure 0.3.0, which was
generated by GNU Autoconf 2.71.  Invocation command line was

  $ ./configure

## --------- ##
## Platform. ##
## --------- ##

hostname = AQUA-CB-CMOE22
uname -m = x86_64
uname -r = 5.15.0-58-generic
uname -s = Linux
uname -v = #64-Ubuntu SMP Thu Jan 5 11:43:13 UTC 2023

/usr/bin/uname -p = x86_64
/bin/uname -X     = unknown

/bin/arch              = x86_64
/usr/bin/arch -k       = unknown
/usr/convex/getsysinfo = unknown
/usr/bin/hostinfo      = unknown
/bin/machine           = unknown
/usr/bin/oslevel       = unknown
/bin/universe          = unknown

PATH: /home/cmoe/bin/
PATH: /usr/local/sbin/
PATH: /usr/local/bin/
PATH: /usr/sbin/
PATH: /usr/bin/
PATH: /sbin/
PATH: /bin/
PATH: /usr/games/
PATH: /usr/local/games/
PATH: /snap/bin/
PATH: /snap/bin/


## ----------- ##
## Core tests. ##
## ----------- ##

configure:1739: multiStockassessment: 0.3.0
configure:1781: Compiling using compilation units
configure:1791: /home/cmoe/R/R-4-2-2/library/R
configure:1795: 
configure:1800: TMB pre-compilation not found
configure:1960: creating ./config.status

## ---------------------- ##
## Running config.status. ##
## ---------------------- ##

This file was extended by multiStockassessment config.status 0.3.0, which was
generated by GNU Autoconf 2.71.  Invocation command line was

  CONFIG_FILES    = 
  CONFIG_HEADERS  = 
  CONFIG_LINKS    = 
  CONFIG_COMMANDS = 
  $ ./config.status 

on AQUA-CB-CMOE22

config.status:711: creating src/Makevars

## ---------------- ##
## Cache variables. ##
## ---------------- ##

ac_cv_env_build_alias_set=
ac_cv_env_build_alias_value=
ac_cv_env_host_alias_set=
ac_cv_env_host_alias_value=
ac_cv_env_target_alias_set=
ac_cv_env_target_alias_value=

## ----------------- ##
## Output variables. ##
## ----------------- ##

CXX14=''
CXX14PICFLAGS=''
DBG=''
DEFS='-DPACKAGE_NAME=\"multiStockassessment\" -DPACKAGE_TARNAME=\"multistockassessment\" -DPACKAGE_VERSION=\"0.3.0\" -DPACKAGE_STRING=\"multiStockassessment\ 0.3.0\" -DPACKAGE_BUGREPORT=\"cmoe@aqua.dtu.dk\" -DPACKAGE_URL=\"\"'
ECHO_C=''
ECHO_N='-n'
ECHO_T=''
HEADERONLY='no'
LIBOBJS=''
LIBS=''
LTLIBOBJS=''
PACKAGE_BUGREPORT='cmoe@aqua.dtu.dk'
PACKAGE_NAME='multiStockassessment'
PACKAGE_STRING='multiStockassessment 0.3.0'
PACKAGE_TARNAME='multistockassessment'
PACKAGE_URL=''
PACKAGE_VERSION='0.3.0'
PATH_SEPARATOR=':'
PRECOMPILE=''
SHELL='/bin/bash'
bindir='${exec_prefix}/bin'
build_alias=''
datadir='${datarootdir}'
datarootdir='${prefix}/share'
docdir='${datarootdir}/doc/${PACKAGE_TARNAME}'
dvidir='${docdir}'
exec_prefix='${prefix}'
host_alias=''
htmldir='${docdir}'
includedir='${prefix}/include'
infodir='${datarootdir}/info'
libdir='${exec_prefix}/lib'
libexecdir='${exec_prefix}/libexec'
localedir='${datarootdir}/locale'
localstatedir='${prefix}/var'
mandir='${datarootdir}/man'
oldincludedir='/usr/include'
pdfdir='${docdir}'
prefix='/usr/local'
program_transform_name='s,x,x,'
psdir='${docdir}'
runstatedir='${localstatedir}/run'
sbindir='${exec_prefix}/sbin'
sharedstatedir='${prefix}/com'
sysconfdir='${prefix}/etc'
target_alias=''

## ----------- ##
## confdefs.h. ##
## ----------- ##

/* confdefs.h */
#define PACKAGE_NAME "multiStockassessment"
#define PACKAGE_TARNAME "multistockassessment"
#define PACKAGE_VERSION "0.3.0"
#define PACKAGE_STRING "multiStockassessment 0.3.0"
#define PACKAGE_BUGREPORT "cmoe@aqua.dtu.dk"
#define PACKAGE_URL ""

configure: exit 0
